<?xml version="1.0" encoding="UTF-8"?>
<!-- Generated by org.testng.reporters.JUnitReportReporter -->
<testsuite hostname="DESKTOP-I11OTUK" failures="0" tests="1" name="testRunner.Runner" time="18.789" errors="0" timestamp="2024-02-06T15:26:31 IST" skipped="0">
  <testcase classname="testRunner.Runner" name="runScenario" time="18.789"/>
</testsuite> <!-- testRunner.Runner -->
