<?xml version="1.0" encoding="UTF-8"?>
<!-- Generated by org.testng.reporters.JUnitReportReporter -->
<testsuite hostname="DESKTOP-I11OTUK" failures="0" tests="1" name="testRunner.Runner" time="39.817" errors="0" timestamp="2024-02-09T14:02:14 IST" skipped="0">
  <testcase classname="testRunner.Runner" name="runScenario" time="39.817"/>
</testsuite> <!-- testRunner.Runner -->
