<?xml version="1.0" encoding="UTF-8"?>
<!-- Generated by org.testng.reporters.JUnitReportReporter -->
<testsuite hostname="DESKTOP-I11OTUK" failures="0" tests="1" name="testRunner.Runner" time="32.393" errors="0" timestamp="2024-02-10T20:41:15 IST" skipped="0">
  <testcase classname="testRunner.Runner" name="runScenario" time="32.393"/>
</testsuite> <!-- testRunner.Runner -->
