<?xml version="1.0" encoding="UTF-8"?>
<!-- Generated by org.testng.reporters.JUnitReportReporter -->
<testsuite hostname="DESKTOP-I11OTUK" failures="0" tests="1" name="testRunner.Runner" time="49.268" errors="0" timestamp="2024-02-08T11:18:59 IST" skipped="0">
  <testcase classname="testRunner.Runner" name="runScenario" time="49.268"/>
</testsuite> <!-- testRunner.Runner -->
