<?xml version="1.0" encoding="UTF-8"?>
<!-- Generated by org.testng.reporters.JUnitReportReporter -->
<testsuite hostname="DESKTOP-I11OTUK" failures="0" tests="1" name="testRunner.Runner" time="0.147" errors="1" timestamp="2024-02-08T14:15:28 IST" skipped="0">
  <testcase classname="testRunner.Runner" name="runScenario" time="0.147">
    <error message="Cannot invoke &quot;java.util.Properties.getProperty(String)&quot; because &quot;stepDefinition.steps.prop&quot; is null" type="java.lang.NullPointerException">
      <![CDATA[java.lang.NullPointerException: Cannot invoke "java.util.Properties.getProperty(String)" because "stepDefinition.steps.prop" is null
at stepDefinition.steps.BrowserInitialize(steps.java:32)
]]>
    </error>
  </testcase> <!-- runScenario -->
</testsuite> <!-- testRunner.Runner -->
