<?xml version="1.0" encoding="UTF-8"?>
<!-- Generated by org.testng.reporters.JUnitReportReporter -->
<testsuite hostname="DESKTOP-I11OTUK" failures="0" tests="1" name="testRunner.Runner" time="35.428" errors="0" timestamp="2024-02-10T14:16:07 IST" skipped="0">
  <testcase classname="testRunner.Runner" name="runScenario" time="35.428"/>
</testsuite> <!-- testRunner.Runner -->
